[06-Aug-2023 22:00:53 UTC] PHP Parse error:  syntax error, unexpected token "echo" in /Users/persisrandolph/Local Sites/fictional-university/app/public/experiment.php on line 5
[06-Aug-2023 22:16:52 UTC] PHP Parse error:  syntax error, unexpected token ")" in /Users/persisrandolph/Local Sites/fictional-university/app/public/wp-content/themes/fictional-university-theme/index.php on line 2
[06-Aug-2023 22:35:23 UTC] PHP Parse error:  syntax error, unexpected token "++" in /Users/persisrandolph/Local Sites/fictional-university/app/public/wp-content/themes/fictional-university-theme/index.php on line 9
[06-Aug-2023 23:02:55 UTC] PHP Fatal error:  Uncaught Error: Call to undefined function blog_info() in /Users/persisrandolph/Local Sites/fictional-university/app/public/wp-content/themes/fictional-university-theme/header.php:7
Stack trace:
#0 /Users/persisrandolph/Local Sites/fictional-university/app/public/wp-includes/template.php(783): require_once()
#1 /Users/persisrandolph/Local Sites/fictional-university/app/public/wp-includes/template.php(718): load_template('/Users/persisra...', true, Array)
#2 /Users/persisrandolph/Local Sites/fictional-university/app/public/wp-includes/general-template.php(48): locate_template(Array, true, true, Array)
#3 /Users/persisrandolph/Local Sites/fictional-university/app/public/wp-content/themes/fictional-university-theme/index.php(1): get_header()
#4 /Users/persisrandolph/Local Sites/fictional-university/app/public/wp-includes/template-loader.php(106): include('/Users/persisra...')
#5 /Users/persisrandolph/Local Sites/fictional-university/app/public/wp-blog-header.php(19): require_once('/Users/persisra...')
#6 /Users/persisrandolph/Local Sites/fictional-university/app/public/index.php(17): require('/Users/persisra...')
#7 {main}
  thrown in /Users/persisrandolph/Local Sites/fictional-university/app/public/wp-content/themes/fictional-university-theme/header.php on line 7
[06-Aug-2023 23:03:03 UTC] PHP Fatal error:  Uncaught Error: Call to undefined function blog_info() in /Users/persisrandolph/Local Sites/fictional-university/app/public/wp-content/themes/fictional-university-theme/header.php:7
Stack trace:
#0 /Users/persisrandolph/Local Sites/fictional-university/app/public/wp-includes/template.php(783): require_once()
#1 /Users/persisrandolph/Local Sites/fictional-university/app/public/wp-includes/template.php(718): load_template('/Users/persisra...', true, Array)
#2 /Users/persisrandolph/Local Sites/fictional-university/app/public/wp-includes/general-template.php(48): locate_template(Array, true, true, Array)
#3 /Users/persisrandolph/Local Sites/fictional-university/app/public/wp-content/themes/fictional-university-theme/index.php(1): get_header()
#4 /Users/persisrandolph/Local Sites/fictional-university/app/public/wp-includes/template-loader.php(106): include('/Users/persisra...')
#5 /Users/persisrandolph/Local Sites/fictional-university/app/public/wp-blog-header.php(19): require_once('/Users/persisra...')
#6 /Users/persisrandolph/Local Sites/fictional-university/app/public/index.php(17): require('/Users/persisra...')
#7 {main}
  thrown in /Users/persisrandolph/Local Sites/fictional-university/app/public/wp-content/themes/fictional-university-theme/header.php on line 7
[08-Aug-2023 16:59:13 UTC] PHP Parse error:  Unclosed '{' on line 3 in /Users/persisrandolph/Local Sites/fictional-university/app/public/wp-content/themes/fictional-university-theme/page.php on line 75
[13-Aug-2023 20:51:29 UTC] PHP Warning:  Undefined variable $parentPostPermalink in /Users/persisrandolph/Local Sites/fictional-university/app/public/wp-content/themes/fictional-university-theme/single.php on line 23
[13-Aug-2023 20:51:29 UTC] PHP Warning:  Undefined variable $parentPostTitle in /Users/persisrandolph/Local Sites/fictional-university/app/public/wp-content/themes/fictional-university-theme/single.php on line 25
[13-Aug-2023 20:51:58 UTC] PHP Warning:  Undefined variable $parentPostPermalink in /Users/persisrandolph/Local Sites/fictional-university/app/public/wp-content/themes/fictional-university-theme/single.php on line 23
[13-Aug-2023 20:51:58 UTC] PHP Warning:  Undefined variable $parentPostTitle in /Users/persisrandolph/Local Sites/fictional-university/app/public/wp-content/themes/fictional-university-theme/single.php on line 25
[13-Aug-2023 22:57:18 UTC] PHP Warning:  Undefined variable $homepagePosts in /Users/persisrandolph/Local Sites/fictional-university/app/public/wp-content/themes/fictional-university-theme/front-page.php on line 35
[13-Aug-2023 22:57:18 UTC] PHP Fatal error:  Uncaught Error: Call to a member function have_posts() on null in /Users/persisrandolph/Local Sites/fictional-university/app/public/wp-content/themes/fictional-university-theme/front-page.php:35
Stack trace:
#0 /Users/persisrandolph/Local Sites/fictional-university/app/public/wp-includes/template-loader.php(106): include()
#1 /Users/persisrandolph/Local Sites/fictional-university/app/public/wp-blog-header.php(19): require_once('/Users/persisra...')
#2 /Users/persisrandolph/Local Sites/fictional-university/app/public/index.php(17): require('/Users/persisra...')
#3 {main}
  thrown in /Users/persisrandolph/Local Sites/fictional-university/app/public/wp-content/themes/fictional-university-theme/front-page.php on line 35
[14-Aug-2023 02:27:52 UTC] PHP Parse error:  syntax error, unexpected token "}" in /Users/persisrandolph/Local Sites/fictional-university/app/public/wp-content/themes/fictional-university-theme/functions.php on line 26
[14-Aug-2023 02:27:52 UTC] PHP Parse error:  syntax error, unexpected token "}" in /Users/persisrandolph/Local Sites/fictional-university/app/public/wp-content/themes/fictional-university-theme/functions.php on line 26
[16-Aug-2023 13:44:24 UTC] PHP Fatal error:  Cannot redeclare university_adjust_queries() (previously declared in /Users/persisrandolph/Local Sites/fictional-university/app/public/wp-content/themes/fictional-university-theme/functions.php:23) in /Users/persisrandolph/Local Sites/fictional-university/app/public/wp-content/themes/fictional-university-theme/functions.php on line 40
[16-Aug-2023 13:44:24 UTC] PHP Warning:  Trying to access array offset on value of type bool in /Users/persisrandolph/Local Sites/fictional-university/app/public/wp-includes/class-wp-recovery-mode-email-service.php on line 367
[16-Aug-2023 13:44:24 UTC] PHP Warning:  Trying to access array offset on value of type bool in /Users/persisrandolph/Local Sites/fictional-university/app/public/wp-includes/class-wp-recovery-mode-email-service.php on line 368
[19-Aug-2023 22:28:44 UTC] PHP Warning:  An unexpected error occurred. Something may be wrong with WordPress.org or this server&#8217;s configuration. If you continue to have problems, please try the <a href="https://wordpress.org/support/forums/">support forums</a>. (WordPress could not establish a secure connection to WordPress.org. Please contact your server administrator.) in /Users/persisrandolph/Local Sites/fictional-university/app/public/wp-includes/update.php on line 209
[19-Aug-2023 22:28:44 UTC] PHP Warning:  An unexpected error occurred. Something may be wrong with WordPress.org or this server&#8217;s configuration. If you continue to have problems, please try the <a href="https://wordpress.org/support/forums/">support forums</a>. (WordPress could not establish a secure connection to WordPress.org. Please contact your server administrator.) in /Users/persisrandolph/Local Sites/fictional-university/app/public/wp-includes/update.php on line 447
[19-Aug-2023 22:28:44 UTC] PHP Warning:  An unexpected error occurred. Something may be wrong with WordPress.org or this server&#8217;s configuration. If you continue to have problems, please try the <a href="https://wordpress.org/support/forums/">support forums</a>. (WordPress could not establish a secure connection to WordPress.org. Please contact your server administrator.) in /Users/persisrandolph/Local Sites/fictional-university/app/public/wp-includes/update.php on line 728
[20-Aug-2023 09:57:42 UTC] PHP Warning:  An unexpected error occurred. Something may be wrong with WordPress.org or this server&#8217;s configuration. If you continue to have problems, please try the <a href="https://wordpress.org/support/forums/">support forums</a>. (WordPress could not establish a secure connection to WordPress.org. Please contact your server administrator.) in /Users/persisrandolph/Local Sites/fictional-university/app/public/wp-includes/update.php on line 209
[20-Aug-2023 09:58:42 UTC] PHP Warning:  An unexpected error occurred. Something may be wrong with WordPress.org or this server&#8217;s configuration. If you continue to have problems, please try the <a href="https://wordpress.org/support/forums/">support forums</a>. (WordPress could not establish a secure connection to WordPress.org. Please contact your server administrator.) in /Users/persisrandolph/Local Sites/fictional-university/app/public/wp-includes/update.php on line 447
[20-Aug-2023 10:03:42 UTC] PHP Warning:  An unexpected error occurred. Something may be wrong with WordPress.org or this server&#8217;s configuration. If you continue to have problems, please try the <a href="https://wordpress.org/support/forums/">support forums</a>. (WordPress could not establish a secure connection to WordPress.org. Please contact your server administrator.) in /Users/persisrandolph/Local Sites/fictional-university/app/public/wp-includes/update.php on line 728
[20-Aug-2023 23:43:01 UTC] PHP Warning:  foreach() argument must be of type array|object, null given in /Users/persisrandolph/Local Sites/fictional-university/app/public/wp-content/themes/fictional-university-theme/single-event.php on line 47
[20-Aug-2023 23:43:59 UTC] PHP Warning:  foreach() argument must be of type array|object, null given in /Users/persisrandolph/Local Sites/fictional-university/app/public/wp-content/themes/fictional-university-theme/single-event.php on line 46
[20-Aug-2023 23:45:12 UTC] PHP Warning:  foreach() argument must be of type array|object, null given in /Users/persisrandolph/Local Sites/fictional-university/app/public/wp-content/themes/fictional-university-theme/single-event.php on line 54
[20-Aug-2023 23:45:36 UTC] PHP Warning:  foreach() argument must be of type array|object, null given in /Users/persisrandolph/Local Sites/fictional-university/app/public/wp-content/themes/fictional-university-theme/single-event.php on line 53
[20-Aug-2023 23:46:23 UTC] PHP Parse error:  Unclosed '{' on line 3 in /Users/persisrandolph/Local Sites/fictional-university/app/public/wp-content/themes/fictional-university-theme/single-event.php on line 58
[20-Aug-2023 23:47:29 UTC] PHP Parse error:  Unclosed '{' on line 3 in /Users/persisrandolph/Local Sites/fictional-university/app/public/wp-content/themes/fictional-university-theme/single-event.php on line 57
[20-Aug-2023 23:51:48 UTC] PHP Parse error:  Unclosed '{' on line 49 in /Users/persisrandolph/Local Sites/fictional-university/app/public/wp-content/themes/fictional-university-theme/single-event.php on line 58
[20-Aug-2023 23:52:28 UTC] PHP Parse error:  Unclosed '{' on line 3 in /Users/persisrandolph/Local Sites/fictional-university/app/public/wp-content/themes/fictional-university-theme/single-event.php on line 50
[24-Aug-2023 14:47:31 UTC] PHP Parse error:  Unclosed '{' on line 3 in /Users/persisrandolph/Local Sites/fictional-university/app/public/wp-content/themes/fictional-university-theme/single-program.php on line 142
[24-Aug-2023 15:28:21 UTC] PHP Warning:  Undefined array key "size" in /Users/persisrandolph/Local Sites/fictional-university/app/public/wp-content/plugins/manual-image-crop/lib/ManualImageCropEditorWindow.php on line 39
[25-Aug-2023 02:02:24 UTC] PHP Warning:  Trying to access array offset on value of type null in /Users/persisrandolph/Local Sites/fictional-university/app/public/wp-content/themes/fictional-university-theme/single-professor.php on line 9
[25-Aug-2023 02:02:43 UTC] PHP Warning:  Trying to access array offset on value of type null in /Users/persisrandolph/Local Sites/fictional-university/app/public/wp-content/themes/fictional-university-theme/single-professor.php on line 9
[27-Aug-2023 03:28:55 UTC] PHP Warning:  Trying to access array offset on value of type null in /Users/persisrandolph/Local Sites/fictional-university/app/public/wp-content/themes/fictional-university-theme/single-professor.php on line 11
[27-Aug-2023 03:28:55 UTC] PHP Warning:  Trying to access array offset on value of type null in /Users/persisrandolph/Local Sites/fictional-university/app/public/wp-content/themes/fictional-university-theme/single-professor.php on line 11
[27-Aug-2023 03:28:58 UTC] PHP Warning:  Trying to access array offset on value of type null in /Users/persisrandolph/Local Sites/fictional-university/app/public/wp-content/themes/fictional-university-theme/single-professor.php on line 11
[27-Aug-2023 03:28:58 UTC] PHP Warning:  Trying to access array offset on value of type null in /Users/persisrandolph/Local Sites/fictional-university/app/public/wp-content/themes/fictional-university-theme/single-professor.php on line 11
[27-Aug-2023 03:38:53 UTC] PHP Warning:  Undefined array key "title" in /Users/persisrandolph/Local Sites/fictional-university/app/public/wp-content/themes/fictional-university-theme/functions.php on line 16
[27-Aug-2023 03:40:20 UTC] PHP Warning:  Undefined array key "title" in /Users/persisrandolph/Local Sites/fictional-university/app/public/wp-content/themes/fictional-university-theme/functions.php on line 4
[27-Aug-2023 03:40:21 UTC] PHP Warning:  Undefined array key "title" in /Users/persisrandolph/Local Sites/fictional-university/app/public/wp-content/themes/fictional-university-theme/functions.php on line 4
[27-Aug-2023 03:41:45 UTC] PHP Warning:  Undefined array key "title" in /Users/persisrandolph/Local Sites/fictional-university/app/public/wp-content/themes/fictional-university-theme/functions.php on line 3
[27-Aug-2023 03:41:54 UTC] PHP Warning:  Undefined array key "title" in /Users/persisrandolph/Local Sites/fictional-university/app/public/wp-content/themes/fictional-university-theme/functions.php on line 3
[27-Aug-2023 03:41:54 UTC] PHP Warning:  Undefined array key "subtitle" in /Users/persisrandolph/Local Sites/fictional-university/app/public/wp-content/themes/fictional-university-theme/functions.php on line 6
[27-Aug-2023 03:41:54 UTC] PHP Warning:  Undefined array key "subtitle" in /Users/persisrandolph/Local Sites/fictional-university/app/public/wp-content/themes/fictional-university-theme/functions.php on line 24
[27-Aug-2023 03:42:13 UTC] PHP Warning:  Undefined array key "title" in /Users/persisrandolph/Local Sites/fictional-university/app/public/wp-content/themes/fictional-university-theme/functions.php on line 3
[27-Aug-2023 03:42:19 UTC] PHP Warning:  Undefined array key "title" in /Users/persisrandolph/Local Sites/fictional-university/app/public/wp-content/themes/fictional-university-theme/functions.php on line 3
[27-Aug-2023 03:42:19 UTC] PHP Warning:  Undefined array key "subtitle" in /Users/persisrandolph/Local Sites/fictional-university/app/public/wp-content/themes/fictional-university-theme/functions.php on line 6
[27-Aug-2023 03:45:50 UTC] PHP Warning:  Undefined array key "title" in /Users/persisrandolph/Local Sites/fictional-university/app/public/wp-content/themes/fictional-university-theme/functions.php on line 3
[27-Aug-2023 03:45:50 UTC] PHP Warning:  Undefined array key "subtitle" in /Users/persisrandolph/Local Sites/fictional-university/app/public/wp-content/themes/fictional-university-theme/functions.php on line 6
[27-Aug-2023 03:45:50 UTC] PHP Warning:  Undefined array key "photo" in /Users/persisrandolph/Local Sites/fictional-university/app/public/wp-content/themes/fictional-university-theme/functions.php on line 9
[27-Aug-2023 03:46:12 UTC] PHP Warning:  Undefined array key "title" in /Users/persisrandolph/Local Sites/fictional-university/app/public/wp-content/themes/fictional-university-theme/functions.php on line 3
[27-Aug-2023 03:46:12 UTC] PHP Warning:  Undefined array key "subtitle" in /Users/persisrandolph/Local Sites/fictional-university/app/public/wp-content/themes/fictional-university-theme/functions.php on line 6
[27-Aug-2023 03:46:12 UTC] PHP Warning:  Undefined array key "photo" in /Users/persisrandolph/Local Sites/fictional-university/app/public/wp-content/themes/fictional-university-theme/functions.php on line 9
[27-Aug-2023 03:47:10 UTC] PHP Fatal error:  Uncaught ArgumentCountError: Too few arguments to function pageBanner(), 0 passed in /Users/persisrandolph/Local Sites/fictional-university/app/public/wp-content/themes/fictional-university-theme/page.php on line 5 and exactly 1 expected in /Users/persisrandolph/Local Sites/fictional-university/app/public/wp-content/themes/fictional-university-theme/functions.php:2
Stack trace:
#0 /Users/persisrandolph/Local Sites/fictional-university/app/public/wp-content/themes/fictional-university-theme/page.php(5): pageBanner()
#1 /Users/persisrandolph/Local Sites/fictional-university/app/public/wp-includes/template-loader.php(106): include('/Users/persisra...')
#2 /Users/persisrandolph/Local Sites/fictional-university/app/public/wp-blog-header.php(19): require_once('/Users/persisra...')
#3 /Users/persisrandolph/Local Sites/fictional-university/app/public/index.php(17): require('/Users/persisra...')
#4 {main}
  thrown in /Users/persisrandolph/Local Sites/fictional-university/app/public/wp-content/themes/fictional-university-theme/functions.php on line 2
[27-Aug-2023 03:47:32 UTC] PHP Warning:  Trying to access array offset on value of type null in /Users/persisrandolph/Local Sites/fictional-university/app/public/wp-content/themes/fictional-university-theme/functions.php on line 3
[27-Aug-2023 03:47:32 UTC] PHP Warning:  Undefined array key "subtitle" in /Users/persisrandolph/Local Sites/fictional-university/app/public/wp-content/themes/fictional-university-theme/functions.php on line 6
[27-Aug-2023 03:47:32 UTC] PHP Warning:  Undefined array key "photo" in /Users/persisrandolph/Local Sites/fictional-university/app/public/wp-content/themes/fictional-university-theme/functions.php on line 9
[27-Aug-2023 04:03:44 UTC] PHP Warning:  Undefined array key "photo" in /Users/persisrandolph/Local Sites/fictional-university/app/public/wp-content/themes/fictional-university-theme/functions.php on line 21
[27-Aug-2023 04:03:47 UTC] PHP Warning:  Undefined array key "photo" in /Users/persisrandolph/Local Sites/fictional-university/app/public/wp-content/themes/fictional-university-theme/functions.php on line 21
[27-Aug-2023 04:05:19 UTC] PHP Warning:  Undefined array key "photo" in /Users/persisrandolph/Local Sites/fictional-university/app/public/wp-content/themes/fictional-university-theme/functions.php on line 21
